The system is: Linux - 3.2.0-4-amd64 - x86_64
Compiling the C compiler identification source file "CMakeCCompilerId.c" succeeded.
Compiler: /usr/bin/gcc 
Build flags: ;-DHAVE_GLEXT
Id flags: 

The output was:
0


Compilation of the C compiler identification source "CMakeCCompilerId.c" produced "a.out"

The C compiler identification is GNU, found in "/home/x/Bureau/SOURCES/MINUIT/modus-build/CMakeFiles/CompilerIdC/a.out"

Compiling the CXX compiler identification source file "CMakeCXXCompilerId.cpp" succeeded.
Compiler: /usr/bin/c++ 
Build flags: 
Id flags: 

The output was:
0


Compilation of the CXX compiler identification source "CMakeCXXCompilerId.cpp" produced "a.out"

The CXX compiler identification is GNU, found in "/home/x/Bureau/SOURCES/MINUIT/modus-build/CMakeFiles/CompilerIdCXX/a.out"

Determining if the C compiler works passed with the following output:
Change Dir: /home/x/Bureau/SOURCES/MINUIT/modus-build/CMakeFiles/CMakeTmp

Run Build Command:/usr/bin/make "cmTryCompileExec2472144629/fast"
/usr/bin/make -f CMakeFiles/cmTryCompileExec2472144629.dir/build.make CMakeFiles/cmTryCompileExec2472144629.dir/build
make[1]: entrant dans le répertoire « /home/x/Bureau/SOURCES/MINUIT/modus-build/CMakeFiles/CMakeTmp »
/usr/bin/cmake -E cmake_progress_report /home/x/Bureau/SOURCES/MINUIT/modus-build/CMakeFiles/CMakeTmp/CMakeFiles 1
Building C object CMakeFiles/cmTryCompileExec2472144629.dir/testCCompiler.c.o
/usr/bin/gcc    -o CMakeFiles/cmTryCompileExec2472144629.dir/testCCompiler.c.o   -c /home/x/Bureau/SOURCES/MINUIT/modus-build/CMakeFiles/CMakeTmp/testCCompiler.c
Linking C executable cmTryCompileExec2472144629
/usr/bin/cmake -E cmake_link_script CMakeFiles/cmTryCompileExec2472144629.dir/link.txt --verbose=1
/usr/bin/gcc         CMakeFiles/cmTryCompileExec2472144629.dir/testCCompiler.c.o  -o cmTryCompileExec2472144629 -rdynamic 
make[1]: quittant le répertoire « /home/x/Bureau/SOURCES/MINUIT/modus-build/CMakeFiles/CMakeTmp »


Detecting C compiler ABI info compiled with the following output:
Change Dir: /home/x/Bureau/SOURCES/MINUIT/modus-build/CMakeFiles/CMakeTmp

Run Build Command:/usr/bin/make "cmTryCompileExec799825581/fast"
/usr/bin/make -f CMakeFiles/cmTryCompileExec799825581.dir/build.make CMakeFiles/cmTryCompileExec799825581.dir/build
make[1]: entrant dans le répertoire « /home/x/Bureau/SOURCES/MINUIT/modus-build/CMakeFiles/CMakeTmp »
make[1]: AVERTISSEMENT: fichier « /usr/share/cmake-2.8/Modules/CMakeCCompilerABI.c » a une date de modification 3,7e+08 dans le futur
/usr/bin/cmake -E cmake_progress_report /home/x/Bureau/SOURCES/MINUIT/modus-build/CMakeFiles/CMakeTmp/CMakeFiles 1
Building C object CMakeFiles/cmTryCompileExec799825581.dir/CMakeCCompilerABI.c.o
/usr/bin/gcc    -o CMakeFiles/cmTryCompileExec799825581.dir/CMakeCCompilerABI.c.o   -c /usr/share/cmake-2.8/Modules/CMakeCCompilerABI.c
Linking C executable cmTryCompileExec799825581
/usr/bin/cmake -E cmake_link_script CMakeFiles/cmTryCompileExec799825581.dir/link.txt --verbose=1
/usr/bin/gcc       -v CMakeFiles/cmTryCompileExec799825581.dir/CMakeCCompilerABI.c.o  -o cmTryCompileExec799825581 -rdynamic  
Using built-in specs.
COLLECT_GCC=/usr/bin/gcc
COLLECT_LTO_WRAPPER=/usr/lib/gcc/x86_64-linux-gnu/4.7/lto-wrapper
Target: x86_64-linux-gnu
Configured with: ../src/configure -v --with-pkgversion='Debian 4.7.2-5' --with-bugurl=file:///usr/share/doc/gcc-4.7/README.Bugs --enable-languages=c,c++,go,fortran,objc,obj-c++ --prefix=/usr --program-suffix=-4.7 --enable-shared --enable-linker-build-id --with-system-zlib --libexecdir=/usr/lib --without-included-gettext --enable-threads=posix --with-gxx-include-dir=/usr/include/c++/4.7 --libdir=/usr/lib --enable-nls --with-sysroot=/ --enable-clocale=gnu --enable-libstdcxx-debug --enable-libstdcxx-time=yes --enable-gnu-unique-object --enable-plugin --enable-objc-gc --with-arch-32=i586 --with-tune=generic --enable-checking=release --build=x86_64-linux-gnu --host=x86_64-linux-gnu --target=x86_64-linux-gnu
Thread model: posix
gcc version 4.7.2 (Debian 4.7.2-5) 
COMPILER_PATH=/usr/lib/gcc/x86_64-linux-gnu/4.7/:/usr/lib/gcc/x86_64-linux-gnu/4.7/:/usr/lib/gcc/x86_64-linux-gnu/:/usr/lib/gcc/x86_64-linux-gnu/4.7/:/usr/lib/gcc/x86_64-linux-gnu/
LIBRARY_PATH=/usr/lib/gcc/x86_64-linux-gnu/4.7/:/usr/lib/gcc/x86_64-linux-gnu/4.7/../../../x86_64-linux-gnu/:/usr/lib/gcc/x86_64-linux-gnu/4.7/../../../../lib/:/lib/x86_64-linux-gnu/:/lib/../lib/:/usr/lib/x86_64-linux-gnu/:/usr/lib/../lib/:/usr/lib/gcc/x86_64-linux-gnu/4.7/../../../:/lib/:/usr/lib/
COLLECT_GCC_OPTIONS='-v' '-o' 'cmTryCompileExec799825581' '-rdynamic' '-mtune=generic' '-march=x86-64'
 /usr/lib/gcc/x86_64-linux-gnu/4.7/collect2 --sysroot=/ --build-id --no-add-needed --eh-frame-hdr -m elf_x86_64 --hash-style=both -export-dynamic -dynamic-linker /lib64/ld-linux-x86-64.so.2 -o cmTryCompileExec799825581 /usr/lib/gcc/x86_64-linux-gnu/4.7/../../../x86_64-linux-gnu/crt1.o /usr/lib/gcc/x86_64-linux-gnu/4.7/../../../x86_64-linux-gnu/crti.o /usr/lib/gcc/x86_64-linux-gnu/4.7/crtbegin.o -L/usr/lib/gcc/x86_64-linux-gnu/4.7 -L/usr/lib/gcc/x86_64-linux-gnu/4.7/../../../x86_64-linux-gnu -L/usr/lib/gcc/x86_64-linux-gnu/4.7/../../../../lib -L/lib/x86_64-linux-gnu -L/lib/../lib -L/usr/lib/x86_64-linux-gnu -L/usr/lib/../lib -L/usr/lib/gcc/x86_64-linux-gnu/4.7/../../.. CMakeFiles/cmTryCompileExec799825581.dir/CMakeCCompilerABI.c.o -lgcc --as-needed -lgcc_s --no-as-needed -lc -lgcc --as-needed -lgcc_s --no-as-needed /usr/lib/gcc/x86_64-linux-gnu/4.7/crtend.o /usr/lib/gcc/x86_64-linux-gnu/4.7/../../../x86_64-linux-gnu/crtn.o
make[1]: AVERTISSEMENT: changement d'horloge détecté. La construction peut être incomplète.
make[1]: quittant le répertoire « /home/x/Bureau/SOURCES/MINUIT/modus-build/CMakeFiles/CMakeTmp »


Parsed C implicit link information from above output:
  link line regex: [^( *|.*[/\])(ld|ld|collect2)[^/\]*( |$)]
  ignore line: [Change Dir: /home/x/Bureau/SOURCES/MINUIT/modus-build/CMakeFiles/CMakeTmp]
  ignore line: []
  ignore line: [Run Build Command:/usr/bin/make "cmTryCompileExec799825581/fast"]
  ignore line: [/usr/bin/make -f CMakeFiles/cmTryCompileExec799825581.dir/build.make CMakeFiles/cmTryCompileExec799825581.dir/build]
  ignore line: [make[1]: entrant dans le répertoire « /home/x/Bureau/SOURCES/MINUIT/modus-build/CMakeFiles/CMakeTmp »]
  ignore line: [make[1]: AVERTISSEMENT: fichier « /usr/share/cmake-2.8/Modules/CMakeCCompilerABI.c » a une date de modification 3,7e+08 dans le futur]
  ignore line: [/usr/bin/cmake -E cmake_progress_report /home/x/Bureau/SOURCES/MINUIT/modus-build/CMakeFiles/CMakeTmp/CMakeFiles 1]
  ignore line: [Building C object CMakeFiles/cmTryCompileExec799825581.dir/CMakeCCompilerABI.c.o]
  ignore line: [/usr/bin/gcc    -o CMakeFiles/cmTryCompileExec799825581.dir/CMakeCCompilerABI.c.o   -c /usr/share/cmake-2.8/Modules/CMakeCCompilerABI.c]
  ignore line: [Linking C executable cmTryCompileExec799825581]
  ignore line: [/usr/bin/cmake -E cmake_link_script CMakeFiles/cmTryCompileExec799825581.dir/link.txt --verbose=1]
  ignore line: [/usr/bin/gcc       -v CMakeFiles/cmTryCompileExec799825581.dir/CMakeCCompilerABI.c.o  -o cmTryCompileExec799825581 -rdynamic  ]
  ignore line: [Using built-in specs.]
  ignore line: [COLLECT_GCC=/usr/bin/gcc]
  ignore line: [COLLECT_LTO_WRAPPER=/usr/lib/gcc/x86_64-linux-gnu/4.7/lto-wrapper]
  ignore line: [Target: x86_64-linux-gnu]
  ignore line: [Configured with: ../src/configure -v --with-pkgversion='Debian 4.7.2-5' --with-bugurl=file:///usr/share/doc/gcc-4.7/README.Bugs --enable-languages=c,c++,go,fortran,objc,obj-c++ --prefix=/usr --program-suffix=-4.7 --enable-shared --enable-linker-build-id --with-system-zlib --libexecdir=/usr/lib --without-included-gettext --enable-threads=posix --with-gxx-include-dir=/usr/include/c++/4.7 --libdir=/usr/lib --enable-nls --with-sysroot=/ --enable-clocale=gnu --enable-libstdcxx-debug --enable-libstdcxx-time=yes --enable-gnu-unique-object --enable-plugin --enable-objc-gc --with-arch-32=i586 --with-tune=generic --enable-checking=release --build=x86_64-linux-gnu --host=x86_64-linux-gnu --target=x86_64-linux-gnu]
  ignore line: [Thread model: posix]
  ignore line: [gcc version 4.7.2 (Debian 4.7.2-5) ]
  ignore line: [COMPILER_PATH=/usr/lib/gcc/x86_64-linux-gnu/4.7/:/usr/lib/gcc/x86_64-linux-gnu/4.7/:/usr/lib/gcc/x86_64-linux-gnu/:/usr/lib/gcc/x86_64-linux-gnu/4.7/:/usr/lib/gcc/x86_64-linux-gnu/]
  ignore line: [LIBRARY_PATH=/usr/lib/gcc/x86_64-linux-gnu/4.7/:/usr/lib/gcc/x86_64-linux-gnu/4.7/../../../x86_64-linux-gnu/:/usr/lib/gcc/x86_64-linux-gnu/4.7/../../../../lib/:/lib/x86_64-linux-gnu/:/lib/../lib/:/usr/lib/x86_64-linux-gnu/:/usr/lib/../lib/:/usr/lib/gcc/x86_64-linux-gnu/4.7/../../../:/lib/:/usr/lib/]
  ignore line: [COLLECT_GCC_OPTIONS='-v' '-o' 'cmTryCompileExec799825581' '-rdynamic' '-mtune=generic' '-march=x86-64']
  link line: [ /usr/lib/gcc/x86_64-linux-gnu/4.7/collect2 --sysroot=/ --build-id --no-add-needed --eh-frame-hdr -m elf_x86_64 --hash-style=both -export-dynamic -dynamic-linker /lib64/ld-linux-x86-64.so.2 -o cmTryCompileExec799825581 /usr/lib/gcc/x86_64-linux-gnu/4.7/../../../x86_64-linux-gnu/crt1.o /usr/lib/gcc/x86_64-linux-gnu/4.7/../../../x86_64-linux-gnu/crti.o /usr/lib/gcc/x86_64-linux-gnu/4.7/crtbegin.o -L/usr/lib/gcc/x86_64-linux-gnu/4.7 -L/usr/lib/gcc/x86_64-linux-gnu/4.7/../../../x86_64-linux-gnu -L/usr/lib/gcc/x86_64-linux-gnu/4.7/../../../../lib -L/lib/x86_64-linux-gnu -L/lib/../lib -L/usr/lib/x86_64-linux-gnu -L/usr/lib/../lib -L/usr/lib/gcc/x86_64-linux-gnu/4.7/../../.. CMakeFiles/cmTryCompileExec799825581.dir/CMakeCCompilerABI.c.o -lgcc --as-needed -lgcc_s --no-as-needed -lc -lgcc --as-needed -lgcc_s --no-as-needed /usr/lib/gcc/x86_64-linux-gnu/4.7/crtend.o /usr/lib/gcc/x86_64-linux-gnu/4.7/../../../x86_64-linux-gnu/crtn.o]
    arg [/usr/lib/gcc/x86_64-linux-gnu/4.7/collect2] ==> ignore
    arg [--sysroot=/] ==> ignore
    arg [--build-id] ==> ignore
    arg [--no-add-needed] ==> ignore
    arg [--eh-frame-hdr] ==> ignore
    arg [-m] ==> ignore
    arg [elf_x86_64] ==> ignore
    arg [--hash-style=both] ==> ignore
    arg [-export-dynamic] ==> ignore
    arg [-dynamic-linker] ==> ignore
    arg [/lib64/ld-linux-x86-64.so.2] ==> ignore
    arg [-o] ==> ignore
    arg [cmTryCompileExec799825581] ==> ignore
    arg [/usr/lib/gcc/x86_64-linux-gnu/4.7/../../../x86_64-linux-gnu/crt1.o] ==> ignore
    arg [/usr/lib/gcc/x86_64-linux-gnu/4.7/../../../x86_64-linux-gnu/crti.o] ==> ignore
    arg [/usr/lib/gcc/x86_64-linux-gnu/4.7/crtbegin.o] ==> ignore
    arg [-L/usr/lib/gcc/x86_64-linux-gnu/4.7] ==> dir [/usr/lib/gcc/x86_64-linux-gnu/4.7]
    arg [-L/usr/lib/gcc/x86_64-linux-gnu/4.7/../../../x86_64-linux-gnu] ==> dir [/usr/lib/gcc/x86_64-linux-gnu/4.7/../../../x86_64-linux-gnu]
    arg [-L/usr/lib/gcc/x86_64-linux-gnu/4.7/../../../../lib] ==> dir [/usr/lib/gcc/x86_64-linux-gnu/4.7/../../../../lib]
    arg [-L/lib/x86_64-linux-gnu] ==> dir [/lib/x86_64-linux-gnu]
    arg [-L/lib/../lib] ==> dir [/lib/../lib]
    arg [-L/usr/lib/x86_64-linux-gnu] ==> dir [/usr/lib/x86_64-linux-gnu]
    arg [-L/usr/lib/../lib] ==> dir [/usr/lib/../lib]
    arg [-L/usr/lib/gcc/x86_64-linux-gnu/4.7/../../..] ==> dir [/usr/lib/gcc/x86_64-linux-gnu/4.7/../../..]
    arg [CMakeFiles/cmTryCompileExec799825581.dir/CMakeCCompilerABI.c.o] ==> ignore
    arg [-lgcc] ==> lib [gcc]
    arg [--as-needed] ==> ignore
    arg [-lgcc_s] ==> lib [gcc_s]
    arg [--no-as-needed] ==> ignore
    arg [-lc] ==> lib [c]
    arg [-lgcc] ==> lib [gcc]
    arg [--as-needed] ==> ignore
    arg [-lgcc_s] ==> lib [gcc_s]
    arg [--no-as-needed] ==> ignore
    arg [/usr/lib/gcc/x86_64-linux-gnu/4.7/crtend.o] ==> ignore
    arg [/usr/lib/gcc/x86_64-linux-gnu/4.7/../../../x86_64-linux-gnu/crtn.o] ==> ignore
  remove lib [gcc]
  remove lib [gcc_s]
  remove lib [gcc]
  remove lib [gcc_s]
  collapse dir [/usr/lib/gcc/x86_64-linux-gnu/4.7] ==> [/usr/lib/gcc/x86_64-linux-gnu/4.7]
  collapse dir [/usr/lib/gcc/x86_64-linux-gnu/4.7/../../../x86_64-linux-gnu] ==> [/usr/lib/x86_64-linux-gnu]
  collapse dir [/usr/lib/gcc/x86_64-linux-gnu/4.7/../../../../lib] ==> [/usr/lib]
  collapse dir [/lib/x86_64-linux-gnu] ==> [/lib/x86_64-linux-gnu]
  collapse dir [/lib/../lib] ==> [/lib]
  collapse dir [/usr/lib/x86_64-linux-gnu] ==> [/usr/lib/x86_64-linux-gnu]
  collapse dir [/usr/lib/../lib] ==> [/usr/lib]
  collapse dir [/usr/lib/gcc/x86_64-linux-gnu/4.7/../../..] ==> [/usr/lib]
  implicit libs: [c]
  implicit dirs: [/usr/lib/gcc/x86_64-linux-gnu/4.7;/usr/lib/x86_64-linux-gnu;/usr/lib;/lib/x86_64-linux-gnu;/lib]


Determining if the CXX compiler works passed with the following output:
Change Dir: /home/x/Bureau/SOURCES/MINUIT/modus-build/CMakeFiles/CMakeTmp

Run Build Command:/usr/bin/make "cmTryCompileExec2799662964/fast"
/usr/bin/make -f CMakeFiles/cmTryCompileExec2799662964.dir/build.make CMakeFiles/cmTryCompileExec2799662964.dir/build
make[1]: entrant dans le répertoire « /home/x/Bureau/SOURCES/MINUIT/modus-build/CMakeFiles/CMakeTmp »
/usr/bin/cmake -E cmake_progress_report /home/x/Bureau/SOURCES/MINUIT/modus-build/CMakeFiles/CMakeTmp/CMakeFiles 1
Building CXX object CMakeFiles/cmTryCompileExec2799662964.dir/testCXXCompiler.cxx.o
/usr/bin/c++     -o CMakeFiles/cmTryCompileExec2799662964.dir/testCXXCompiler.cxx.o -c /home/x/Bureau/SOURCES/MINUIT/modus-build/CMakeFiles/CMakeTmp/testCXXCompiler.cxx
Linking CXX executable cmTryCompileExec2799662964
/usr/bin/cmake -E cmake_link_script CMakeFiles/cmTryCompileExec2799662964.dir/link.txt --verbose=1
/usr/bin/c++          CMakeFiles/cmTryCompileExec2799662964.dir/testCXXCompiler.cxx.o  -o cmTryCompileExec2799662964 -rdynamic 
make[1]: quittant le répertoire « /home/x/Bureau/SOURCES/MINUIT/modus-build/CMakeFiles/CMakeTmp »


Detecting CXX compiler ABI info compiled with the following output:
Change Dir: /home/x/Bureau/SOURCES/MINUIT/modus-build/CMakeFiles/CMakeTmp

Run Build Command:/usr/bin/make "cmTryCompileExec2071710336/fast"
/usr/bin/make -f CMakeFiles/cmTryCompileExec2071710336.dir/build.make CMakeFiles/cmTryCompileExec2071710336.dir/build
make[1]: entrant dans le répertoire « /home/x/Bureau/SOURCES/MINUIT/modus-build/CMakeFiles/CMakeTmp »
make[1]: AVERTISSEMENT: fichier « /usr/share/cmake-2.8/Modules/CMakeCXXCompilerABI.cpp » a une date de modification 3,7e+08 dans le futur
/usr/bin/cmake -E cmake_progress_report /home/x/Bureau/SOURCES/MINUIT/modus-build/CMakeFiles/CMakeTmp/CMakeFiles 1
Building CXX object CMakeFiles/cmTryCompileExec2071710336.dir/CMakeCXXCompilerABI.cpp.o
/usr/bin/c++     -o CMakeFiles/cmTryCompileExec2071710336.dir/CMakeCXXCompilerABI.cpp.o -c /usr/share/cmake-2.8/Modules/CMakeCXXCompilerABI.cpp
Linking CXX executable cmTryCompileExec2071710336
/usr/bin/cmake -E cmake_link_script CMakeFiles/cmTryCompileExec2071710336.dir/link.txt --verbose=1
/usr/bin/c++        -v CMakeFiles/cmTryCompileExec2071710336.dir/CMakeCXXCompilerABI.cpp.o  -o cmTryCompileExec2071710336 -rdynamic  
Using built-in specs.
COLLECT_GCC=/usr/bin/c++
COLLECT_LTO_WRAPPER=/usr/lib/gcc/x86_64-linux-gnu/4.7/lto-wrapper
Target: x86_64-linux-gnu
Configured with: ../src/configure -v --with-pkgversion='Debian 4.7.2-5' --with-bugurl=file:///usr/share/doc/gcc-4.7/README.Bugs --enable-languages=c,c++,go,fortran,objc,obj-c++ --prefix=/usr --program-suffix=-4.7 --enable-shared --enable-linker-build-id --with-system-zlib --libexecdir=/usr/lib --without-included-gettext --enable-threads=posix --with-gxx-include-dir=/usr/include/c++/4.7 --libdir=/usr/lib --enable-nls --with-sysroot=/ --enable-clocale=gnu --enable-libstdcxx-debug --enable-libstdcxx-time=yes --enable-gnu-unique-object --enable-plugin --enable-objc-gc --with-arch-32=i586 --with-tune=generic --enable-checking=release --build=x86_64-linux-gnu --host=x86_64-linux-gnu --target=x86_64-linux-gnu
Thread model: posix
gcc version 4.7.2 (Debian 4.7.2-5) 
COMPILER_PATH=/usr/lib/gcc/x86_64-linux-gnu/4.7/:/usr/lib/gcc/x86_64-linux-gnu/4.7/:/usr/lib/gcc/x86_64-linux-gnu/:/usr/lib/gcc/x86_64-linux-gnu/4.7/:/usr/lib/gcc/x86_64-linux-gnu/
LIBRARY_PATH=/usr/lib/gcc/x86_64-linux-gnu/4.7/:/usr/lib/gcc/x86_64-linux-gnu/4.7/../../../x86_64-linux-gnu/:/usr/lib/gcc/x86_64-linux-gnu/4.7/../../../../lib/:/lib/x86_64-linux-gnu/:/lib/../lib/:/usr/lib/x86_64-linux-gnu/:/usr/lib/../lib/:/usr/lib/gcc/x86_64-linux-gnu/4.7/../../../:/lib/:/usr/lib/
COLLECT_GCC_OPTIONS='-v' '-o' 'cmTryCompileExec2071710336' '-rdynamic' '-shared-libgcc' '-mtune=generic' '-march=x86-64'
 /usr/lib/gcc/x86_64-linux-gnu/4.7/collect2 --sysroot=/ --build-id --no-add-needed --eh-frame-hdr -m elf_x86_64 --hash-style=both -export-dynamic -dynamic-linker /lib64/ld-linux-x86-64.so.2 -o cmTryCompileExec2071710336 /usr/lib/gcc/x86_64-linux-gnu/4.7/../../../x86_64-linux-gnu/crt1.o /usr/lib/gcc/x86_64-linux-gnu/4.7/../../../x86_64-linux-gnu/crti.o /usr/lib/gcc/x86_64-linux-gnu/4.7/crtbegin.o -L/usr/lib/gcc/x86_64-linux-gnu/4.7 -L/usr/lib/gcc/x86_64-linux-gnu/4.7/../../../x86_64-linux-gnu -L/usr/lib/gcc/x86_64-linux-gnu/4.7/../../../../lib -L/lib/x86_64-linux-gnu -L/lib/../lib -L/usr/lib/x86_64-linux-gnu -L/usr/lib/../lib -L/usr/lib/gcc/x86_64-linux-gnu/4.7/../../.. CMakeFiles/cmTryCompileExec2071710336.dir/CMakeCXXCompilerABI.cpp.o -lstdc++ -lm -lgcc_s -lgcc -lc -lgcc_s -lgcc /usr/lib/gcc/x86_64-linux-gnu/4.7/crtend.o /usr/lib/gcc/x86_64-linux-gnu/4.7/../../../x86_64-linux-gnu/crtn.o
make[1]: quittant le répertoire « /home/x/Bureau/SOURCES/MINUIT/modus-build/CMakeFiles/CMakeTmp »
make[1]: AVERTISSEMENT: changement d'horloge détecté. La construction peut être incomplète.


Parsed CXX implicit link information from above output:
  link line regex: [^( *|.*[/\])(ld|ld|collect2)[^/\]*( |$)]
  ignore line: [Change Dir: /home/x/Bureau/SOURCES/MINUIT/modus-build/CMakeFiles/CMakeTmp]
  ignore line: []
  ignore line: [Run Build Command:/usr/bin/make "cmTryCompileExec2071710336/fast"]
  ignore line: [/usr/bin/make -f CMakeFiles/cmTryCompileExec2071710336.dir/build.make CMakeFiles/cmTryCompileExec2071710336.dir/build]
  ignore line: [make[1]: entrant dans le répertoire « /home/x/Bureau/SOURCES/MINUIT/modus-build/CMakeFiles/CMakeTmp »]
  ignore line: [make[1]: AVERTISSEMENT: fichier « /usr/share/cmake-2.8/Modules/CMakeCXXCompilerABI.cpp » a une date de modification 3,7e+08 dans le futur]
  ignore line: [/usr/bin/cmake -E cmake_progress_report /home/x/Bureau/SOURCES/MINUIT/modus-build/CMakeFiles/CMakeTmp/CMakeFiles 1]
  ignore line: [Building CXX object CMakeFiles/cmTryCompileExec2071710336.dir/CMakeCXXCompilerABI.cpp.o]
  ignore line: [/usr/bin/c++     -o CMakeFiles/cmTryCompileExec2071710336.dir/CMakeCXXCompilerABI.cpp.o -c /usr/share/cmake-2.8/Modules/CMakeCXXCompilerABI.cpp]
  ignore line: [Linking CXX executable cmTryCompileExec2071710336]
  ignore line: [/usr/bin/cmake -E cmake_link_script CMakeFiles/cmTryCompileExec2071710336.dir/link.txt --verbose=1]
  ignore line: [/usr/bin/c++        -v CMakeFiles/cmTryCompileExec2071710336.dir/CMakeCXXCompilerABI.cpp.o  -o cmTryCompileExec2071710336 -rdynamic  ]
  ignore line: [Using built-in specs.]
  ignore line: [COLLECT_GCC=/usr/bin/c++]
  ignore line: [COLLECT_LTO_WRAPPER=/usr/lib/gcc/x86_64-linux-gnu/4.7/lto-wrapper]
  ignore line: [Target: x86_64-linux-gnu]
  ignore line: [Configured with: ../src/configure -v --with-pkgversion='Debian 4.7.2-5' --with-bugurl=file:///usr/share/doc/gcc-4.7/README.Bugs --enable-languages=c,c++,go,fortran,objc,obj-c++ --prefix=/usr --program-suffix=-4.7 --enable-shared --enable-linker-build-id --with-system-zlib --libexecdir=/usr/lib --without-included-gettext --enable-threads=posix --with-gxx-include-dir=/usr/include/c++/4.7 --libdir=/usr/lib --enable-nls --with-sysroot=/ --enable-clocale=gnu --enable-libstdcxx-debug --enable-libstdcxx-time=yes --enable-gnu-unique-object --enable-plugin --enable-objc-gc --with-arch-32=i586 --with-tune=generic --enable-checking=release --build=x86_64-linux-gnu --host=x86_64-linux-gnu --target=x86_64-linux-gnu]
  ignore line: [Thread model: posix]
  ignore line: [gcc version 4.7.2 (Debian 4.7.2-5) ]
  ignore line: [COMPILER_PATH=/usr/lib/gcc/x86_64-linux-gnu/4.7/:/usr/lib/gcc/x86_64-linux-gnu/4.7/:/usr/lib/gcc/x86_64-linux-gnu/:/usr/lib/gcc/x86_64-linux-gnu/4.7/:/usr/lib/gcc/x86_64-linux-gnu/]
  ignore line: [LIBRARY_PATH=/usr/lib/gcc/x86_64-linux-gnu/4.7/:/usr/lib/gcc/x86_64-linux-gnu/4.7/../../../x86_64-linux-gnu/:/usr/lib/gcc/x86_64-linux-gnu/4.7/../../../../lib/:/lib/x86_64-linux-gnu/:/lib/../lib/:/usr/lib/x86_64-linux-gnu/:/usr/lib/../lib/:/usr/lib/gcc/x86_64-linux-gnu/4.7/../../../:/lib/:/usr/lib/]
  ignore line: [COLLECT_GCC_OPTIONS='-v' '-o' 'cmTryCompileExec2071710336' '-rdynamic' '-shared-libgcc' '-mtune=generic' '-march=x86-64']
  link line: [ /usr/lib/gcc/x86_64-linux-gnu/4.7/collect2 --sysroot=/ --build-id --no-add-needed --eh-frame-hdr -m elf_x86_64 --hash-style=both -export-dynamic -dynamic-linker /lib64/ld-linux-x86-64.so.2 -o cmTryCompileExec2071710336 /usr/lib/gcc/x86_64-linux-gnu/4.7/../../../x86_64-linux-gnu/crt1.o /usr/lib/gcc/x86_64-linux-gnu/4.7/../../../x86_64-linux-gnu/crti.o /usr/lib/gcc/x86_64-linux-gnu/4.7/crtbegin.o -L/usr/lib/gcc/x86_64-linux-gnu/4.7 -L/usr/lib/gcc/x86_64-linux-gnu/4.7/../../../x86_64-linux-gnu -L/usr/lib/gcc/x86_64-linux-gnu/4.7/../../../../lib -L/lib/x86_64-linux-gnu -L/lib/../lib -L/usr/lib/x86_64-linux-gnu -L/usr/lib/../lib -L/usr/lib/gcc/x86_64-linux-gnu/4.7/../../.. CMakeFiles/cmTryCompileExec2071710336.dir/CMakeCXXCompilerABI.cpp.o -lstdc++ -lm -lgcc_s -lgcc -lc -lgcc_s -lgcc /usr/lib/gcc/x86_64-linux-gnu/4.7/crtend.o /usr/lib/gcc/x86_64-linux-gnu/4.7/../../../x86_64-linux-gnu/crtn.o]
    arg [/usr/lib/gcc/x86_64-linux-gnu/4.7/collect2] ==> ignore
    arg [--sysroot=/] ==> ignore
    arg [--build-id] ==> ignore
    arg [--no-add-needed] ==> ignore
    arg [--eh-frame-hdr] ==> ignore
    arg [-m] ==> ignore
    arg [elf_x86_64] ==> ignore
    arg [--hash-style=both] ==> ignore
    arg [-export-dynamic] ==> ignore
    arg [-dynamic-linker] ==> ignore
    arg [/lib64/ld-linux-x86-64.so.2] ==> ignore
    arg [-o] ==> ignore
    arg [cmTryCompileExec2071710336] ==> ignore
    arg [/usr/lib/gcc/x86_64-linux-gnu/4.7/../../../x86_64-linux-gnu/crt1.o] ==> ignore
    arg [/usr/lib/gcc/x86_64-linux-gnu/4.7/../../../x86_64-linux-gnu/crti.o] ==> ignore
    arg [/usr/lib/gcc/x86_64-linux-gnu/4.7/crtbegin.o] ==> ignore
    arg [-L/usr/lib/gcc/x86_64-linux-gnu/4.7] ==> dir [/usr/lib/gcc/x86_64-linux-gnu/4.7]
    arg [-L/usr/lib/gcc/x86_64-linux-gnu/4.7/../../../x86_64-linux-gnu] ==> dir [/usr/lib/gcc/x86_64-linux-gnu/4.7/../../../x86_64-linux-gnu]
    arg [-L/usr/lib/gcc/x86_64-linux-gnu/4.7/../../../../lib] ==> dir [/usr/lib/gcc/x86_64-linux-gnu/4.7/../../../../lib]
    arg [-L/lib/x86_64-linux-gnu] ==> dir [/lib/x86_64-linux-gnu]
    arg [-L/lib/../lib] ==> dir [/lib/../lib]
    arg [-L/usr/lib/x86_64-linux-gnu] ==> dir [/usr/lib/x86_64-linux-gnu]
    arg [-L/usr/lib/../lib] ==> dir [/usr/lib/../lib]
    arg [-L/usr/lib/gcc/x86_64-linux-gnu/4.7/../../..] ==> dir [/usr/lib/gcc/x86_64-linux-gnu/4.7/../../..]
    arg [CMakeFiles/cmTryCompileExec2071710336.dir/CMakeCXXCompilerABI.cpp.o] ==> ignore
    arg [-lstdc++] ==> lib [stdc++]
    arg [-lm] ==> lib [m]
    arg [-lgcc_s] ==> lib [gcc_s]
    arg [-lgcc] ==> lib [gcc]
    arg [-lc] ==> lib [c]
    arg [-lgcc_s] ==> lib [gcc_s]
    arg [-lgcc] ==> lib [gcc]
    arg [/usr/lib/gcc/x86_64-linux-gnu/4.7/crtend.o] ==> ignore
    arg [/usr/lib/gcc/x86_64-linux-gnu/4.7/../../../x86_64-linux-gnu/crtn.o] ==> ignore
  remove lib [gcc_s]
  remove lib [gcc]
  remove lib [gcc_s]
  remove lib [gcc]
  collapse dir [/usr/lib/gcc/x86_64-linux-gnu/4.7] ==> [/usr/lib/gcc/x86_64-linux-gnu/4.7]
  collapse dir [/usr/lib/gcc/x86_64-linux-gnu/4.7/../../../x86_64-linux-gnu] ==> [/usr/lib/x86_64-linux-gnu]
  collapse dir [/usr/lib/gcc/x86_64-linux-gnu/4.7/../../../../lib] ==> [/usr/lib]
  collapse dir [/lib/x86_64-linux-gnu] ==> [/lib/x86_64-linux-gnu]
  collapse dir [/lib/../lib] ==> [/lib]
  collapse dir [/usr/lib/x86_64-linux-gnu] ==> [/usr/lib/x86_64-linux-gnu]
  collapse dir [/usr/lib/../lib] ==> [/usr/lib]
  collapse dir [/usr/lib/gcc/x86_64-linux-gnu/4.7/../../..] ==> [/usr/lib]
  implicit libs: [stdc++;m;c]
  implicit dirs: [/usr/lib/gcc/x86_64-linux-gnu/4.7;/usr/lib/x86_64-linux-gnu;/usr/lib;/lib/x86_64-linux-gnu;/lib]


Determining if the function XOpenDisplay exists in the /usr/lib/x86_64-linux-gnu/libX11.so;/usr/lib/x86_64-linux-gnu/libXext.so passed with the following output:
Change Dir: /home/x/Bureau/SOURCES/MINUIT/modus-build/CMakeFiles/CMakeTmp

Run Build Command:/usr/bin/make "cmTryCompileExec2623889046/fast"
/usr/bin/make -f CMakeFiles/cmTryCompileExec2623889046.dir/build.make CMakeFiles/cmTryCompileExec2623889046.dir/build
make[1]: entrant dans le répertoire « /home/x/Bureau/SOURCES/MINUIT/modus-build/CMakeFiles/CMakeTmp »
make[1]: AVERTISSEMENT: fichier « /usr/share/cmake-2.8/Modules/CheckFunctionExists.c » a une date de modification 3,7e+08 dans le futur
/usr/bin/cmake -E cmake_progress_report /home/x/Bureau/SOURCES/MINUIT/modus-build/CMakeFiles/CMakeTmp/CMakeFiles 1
Building C object CMakeFiles/cmTryCompileExec2623889046.dir/CheckFunctionExists.c.o
/usr/bin/gcc   -DCHECK_FUNCTION_EXISTS=XOpenDisplay   -o CMakeFiles/cmTryCompileExec2623889046.dir/CheckFunctionExists.c.o   -c /usr/share/cmake-2.8/Modules/CheckFunctionExists.c
Linking C executable cmTryCompileExec2623889046
/usr/bin/cmake -E cmake_link_script CMakeFiles/cmTryCompileExec2623889046.dir/link.txt --verbose=1
/usr/bin/gcc     -DCHECK_FUNCTION_EXISTS=XOpenDisplay    CMakeFiles/cmTryCompileExec2623889046.dir/CheckFunctionExists.c.o  -o cmTryCompileExec2623889046 -rdynamic -lX11 -lXext 
make[1]: AVERTISSEMENT: changement d'horloge détecté. La construction peut être incomplète.
make[1]: quittant le répertoire « /home/x/Bureau/SOURCES/MINUIT/modus-build/CMakeFiles/CMakeTmp »


Determining if the function gethostbyname exists passed with the following output:
Change Dir: /home/x/Bureau/SOURCES/MINUIT/modus-build/CMakeFiles/CMakeTmp

Run Build Command:/usr/bin/make "cmTryCompileExec1160639770/fast"
/usr/bin/make -f CMakeFiles/cmTryCompileExec1160639770.dir/build.make CMakeFiles/cmTryCompileExec1160639770.dir/build
make[1]: entrant dans le répertoire « /home/x/Bureau/SOURCES/MINUIT/modus-build/CMakeFiles/CMakeTmp »
make[1]: AVERTISSEMENT: fichier « /usr/share/cmake-2.8/Modules/CheckFunctionExists.c » a une date de modification 3,7e+08 dans le futur
/usr/bin/cmake -E cmake_progress_report /home/x/Bureau/SOURCES/MINUIT/modus-build/CMakeFiles/CMakeTmp/CMakeFiles 1
Building C object CMakeFiles/cmTryCompileExec1160639770.dir/CheckFunctionExists.c.o
/usr/bin/gcc   -DCHECK_FUNCTION_EXISTS=gethostbyname   -o CMakeFiles/cmTryCompileExec1160639770.dir/CheckFunctionExists.c.o   -c /usr/share/cmake-2.8/Modules/CheckFunctionExists.c
Linking C executable cmTryCompileExec1160639770
/usr/bin/cmake -E cmake_link_script CMakeFiles/cmTryCompileExec1160639770.dir/link.txt --verbose=1
/usr/bin/gcc     -DCHECK_FUNCTION_EXISTS=gethostbyname    CMakeFiles/cmTryCompileExec1160639770.dir/CheckFunctionExists.c.o  -o cmTryCompileExec1160639770 -rdynamic 
make[1]: quittant le répertoire « /home/x/Bureau/SOURCES/MINUIT/modus-build/CMakeFiles/CMakeTmp »
make[1]: AVERTISSEMENT: changement d'horloge détecté. La construction peut être incomplète.


Determining if the function connect exists passed with the following output:
Change Dir: /home/x/Bureau/SOURCES/MINUIT/modus-build/CMakeFiles/CMakeTmp

Run Build Command:/usr/bin/make "cmTryCompileExec3964740967/fast"
/usr/bin/make -f CMakeFiles/cmTryCompileExec3964740967.dir/build.make CMakeFiles/cmTryCompileExec3964740967.dir/build
make[1]: entrant dans le répertoire « /home/x/Bureau/SOURCES/MINUIT/modus-build/CMakeFiles/CMakeTmp »
make[1]: AVERTISSEMENT: fichier « /usr/share/cmake-2.8/Modules/CheckFunctionExists.c » a une date de modification 3,7e+08 dans le futur
/usr/bin/cmake -E cmake_progress_report /home/x/Bureau/SOURCES/MINUIT/modus-build/CMakeFiles/CMakeTmp/CMakeFiles 1
Building C object CMakeFiles/cmTryCompileExec3964740967.dir/CheckFunctionExists.c.o
/usr/bin/gcc   -DCHECK_FUNCTION_EXISTS=connect   -o CMakeFiles/cmTryCompileExec3964740967.dir/CheckFunctionExists.c.o   -c /usr/share/cmake-2.8/Modules/CheckFunctionExists.c
Linking C executable cmTryCompileExec3964740967
/usr/bin/cmake -E cmake_link_script CMakeFiles/cmTryCompileExec3964740967.dir/link.txt --verbose=1
/usr/bin/gcc     -DCHECK_FUNCTION_EXISTS=connect    CMakeFiles/cmTryCompileExec3964740967.dir/CheckFunctionExists.c.o  -o cmTryCompileExec3964740967 -rdynamic 
make[1]: AVERTISSEMENT: changement d'horloge détecté. La construction peut être incomplète.
make[1]: quittant le répertoire « /home/x/Bureau/SOURCES/MINUIT/modus-build/CMakeFiles/CMakeTmp »


Determining if the function remove exists passed with the following output:
Change Dir: /home/x/Bureau/SOURCES/MINUIT/modus-build/CMakeFiles/CMakeTmp

Run Build Command:/usr/bin/make "cmTryCompileExec1316930223/fast"
/usr/bin/make -f CMakeFiles/cmTryCompileExec1316930223.dir/build.make CMakeFiles/cmTryCompileExec1316930223.dir/build
make[1]: entrant dans le répertoire « /home/x/Bureau/SOURCES/MINUIT/modus-build/CMakeFiles/CMakeTmp »
make[1]: AVERTISSEMENT: fichier « /usr/share/cmake-2.8/Modules/CheckFunctionExists.c » a une date de modification 3,7e+08 dans le futur
/usr/bin/cmake -E cmake_progress_report /home/x/Bureau/SOURCES/MINUIT/modus-build/CMakeFiles/CMakeTmp/CMakeFiles 1
Building C object CMakeFiles/cmTryCompileExec1316930223.dir/CheckFunctionExists.c.o
/usr/bin/gcc   -DCHECK_FUNCTION_EXISTS=remove   -o CMakeFiles/cmTryCompileExec1316930223.dir/CheckFunctionExists.c.o   -c /usr/share/cmake-2.8/Modules/CheckFunctionExists.c
Linking C executable cmTryCompileExec1316930223
/usr/bin/cmake -E cmake_link_script CMakeFiles/cmTryCompileExec1316930223.dir/link.txt --verbose=1
/usr/bin/gcc     -DCHECK_FUNCTION_EXISTS=remove    CMakeFiles/cmTryCompileExec1316930223.dir/CheckFunctionExists.c.o  -o cmTryCompileExec1316930223 -rdynamic 
make[1]: quittant le répertoire « /home/x/Bureau/SOURCES/MINUIT/modus-build/CMakeFiles/CMakeTmp »
make[1]: AVERTISSEMENT: changement d'horloge détecté. La construction peut être incomplète.


Determining if the function shmat exists passed with the following output:
Change Dir: /home/x/Bureau/SOURCES/MINUIT/modus-build/CMakeFiles/CMakeTmp

Run Build Command:/usr/bin/make "cmTryCompileExec2408905587/fast"
/usr/bin/make -f CMakeFiles/cmTryCompileExec2408905587.dir/build.make CMakeFiles/cmTryCompileExec2408905587.dir/build
make[1]: entrant dans le répertoire « /home/x/Bureau/SOURCES/MINUIT/modus-build/CMakeFiles/CMakeTmp »
make[1]: AVERTISSEMENT: fichier « /usr/share/cmake-2.8/Modules/CheckFunctionExists.c » a une date de modification 3,7e+08 dans le futur
/usr/bin/cmake -E cmake_progress_report /home/x/Bureau/SOURCES/MINUIT/modus-build/CMakeFiles/CMakeTmp/CMakeFiles 1
Building C object CMakeFiles/cmTryCompileExec2408905587.dir/CheckFunctionExists.c.o
/usr/bin/gcc   -DCHECK_FUNCTION_EXISTS=shmat   -o CMakeFiles/cmTryCompileExec2408905587.dir/CheckFunctionExists.c.o   -c /usr/share/cmake-2.8/Modules/CheckFunctionExists.c
Linking C executable cmTryCompileExec2408905587
/usr/bin/cmake -E cmake_link_script CMakeFiles/cmTryCompileExec2408905587.dir/link.txt --verbose=1
/usr/bin/gcc     -DCHECK_FUNCTION_EXISTS=shmat    CMakeFiles/cmTryCompileExec2408905587.dir/CheckFunctionExists.c.o  -o cmTryCompileExec2408905587 -rdynamic 
make[1]: quittant le répertoire « /home/x/Bureau/SOURCES/MINUIT/modus-build/CMakeFiles/CMakeTmp »
make[1]: AVERTISSEMENT: changement d'horloge détecté. La construction peut être incomplète.


Determining if the function IceConnectionNumber exists in the ICE passed with the following output:
Change Dir: /home/x/Bureau/SOURCES/MINUIT/modus-build/CMakeFiles/CMakeTmp

Run Build Command:/usr/bin/make "cmTryCompileExec481997909/fast"
/usr/bin/make -f CMakeFiles/cmTryCompileExec481997909.dir/build.make CMakeFiles/cmTryCompileExec481997909.dir/build
make[1]: entrant dans le répertoire « /home/x/Bureau/SOURCES/MINUIT/modus-build/CMakeFiles/CMakeTmp »
make[1]: AVERTISSEMENT: fichier « /usr/share/cmake-2.8/Modules/CheckFunctionExists.c » a une date de modification 3,7e+08 dans le futur
/usr/bin/cmake -E cmake_progress_report /home/x/Bureau/SOURCES/MINUIT/modus-build/CMakeFiles/CMakeTmp/CMakeFiles 1
Building C object CMakeFiles/cmTryCompileExec481997909.dir/CheckFunctionExists.c.o
/usr/bin/gcc   -DCHECK_FUNCTION_EXISTS=IceConnectionNumber   -o CMakeFiles/cmTryCompileExec481997909.dir/CheckFunctionExists.c.o   -c /usr/share/cmake-2.8/Modules/CheckFunctionExists.c
Linking C executable cmTryCompileExec481997909
/usr/bin/cmake -E cmake_link_script CMakeFiles/cmTryCompileExec481997909.dir/link.txt --verbose=1
/usr/bin/gcc     -DCHECK_FUNCTION_EXISTS=IceConnectionNumber    CMakeFiles/cmTryCompileExec481997909.dir/CheckFunctionExists.c.o  -o cmTryCompileExec481997909 -rdynamic -lICE 
make[1]: quittant le répertoire « /home/x/Bureau/SOURCES/MINUIT/modus-build/CMakeFiles/CMakeTmp »
make[1]: AVERTISSEMENT: changement d'horloge détecté. La construction peut être incomplète.


Determining if files pthread.h exist passed with the following output:
Change Dir: /home/x/Bureau/SOURCES/MINUIT/modus-build/CMakeFiles/CMakeTmp

Run Build Command:/usr/bin/make "cmTryCompileExec1327499643/fast"
/usr/bin/make -f CMakeFiles/cmTryCompileExec1327499643.dir/build.make CMakeFiles/cmTryCompileExec1327499643.dir/build
make[1]: entrant dans le répertoire « /home/x/Bureau/SOURCES/MINUIT/modus-build/CMakeFiles/CMakeTmp »
/usr/bin/cmake -E cmake_progress_report /home/x/Bureau/SOURCES/MINUIT/modus-build/CMakeFiles/CMakeTmp/CMakeFiles 1
Building C object CMakeFiles/cmTryCompileExec1327499643.dir/CheckIncludeFiles.c.o
/usr/bin/gcc    -o CMakeFiles/cmTryCompileExec1327499643.dir/CheckIncludeFiles.c.o   -c /home/x/Bureau/SOURCES/MINUIT/modus-build/CMakeFiles/CMakeTmp/CheckIncludeFiles.c
Linking C executable cmTryCompileExec1327499643
/usr/bin/cmake -E cmake_link_script CMakeFiles/cmTryCompileExec1327499643.dir/link.txt --verbose=1
/usr/bin/gcc         CMakeFiles/cmTryCompileExec1327499643.dir/CheckIncludeFiles.c.o  -o cmTryCompileExec1327499643 -rdynamic 
make[1]: quittant le répertoire « /home/x/Bureau/SOURCES/MINUIT/modus-build/CMakeFiles/CMakeTmp »


Determining if the function pthread_create exists in the pthread passed with the following output:
Change Dir: /home/x/Bureau/SOURCES/MINUIT/modus-build/CMakeFiles/CMakeTmp

Run Build Command:/usr/bin/make "cmTryCompileExec898449921/fast"
/usr/bin/make -f CMakeFiles/cmTryCompileExec898449921.dir/build.make CMakeFiles/cmTryCompileExec898449921.dir/build
make[1]: entrant dans le répertoire « /home/x/Bureau/SOURCES/MINUIT/modus-build/CMakeFiles/CMakeTmp »
make[1]: AVERTISSEMENT: fichier « /usr/share/cmake-2.8/Modules/CheckFunctionExists.c » a une date de modification 3,7e+08 dans le futur
/usr/bin/cmake -E cmake_progress_report /home/x/Bureau/SOURCES/MINUIT/modus-build/CMakeFiles/CMakeTmp/CMakeFiles 1
Building C object CMakeFiles/cmTryCompileExec898449921.dir/CheckFunctionExists.c.o
/usr/bin/gcc   -DCHECK_FUNCTION_EXISTS=pthread_create   -o CMakeFiles/cmTryCompileExec898449921.dir/CheckFunctionExists.c.o   -c /usr/share/cmake-2.8/Modules/CheckFunctionExists.c
Linking C executable cmTryCompileExec898449921
/usr/bin/cmake -E cmake_link_script CMakeFiles/cmTryCompileExec898449921.dir/link.txt --verbose=1
/usr/bin/gcc     -DCHECK_FUNCTION_EXISTS=pthread_create    CMakeFiles/cmTryCompileExec898449921.dir/CheckFunctionExists.c.o  -o cmTryCompileExec898449921 -rdynamic -lpthread 
make[1]: AVERTISSEMENT: changement d'horloge détecté. La construction peut être incomplète.
make[1]: quittant le répertoire « /home/x/Bureau/SOURCES/MINUIT/modus-build/CMakeFiles/CMakeTmp »


